TN:
SF:src/tuple.ts
FN:6,point
FN:10,vector
FN:14,equalTuples
FN:15,(anonymous_3)
FN:18,addTuples
FN:28,subTuples
FN:34,negateVector
FN:38,negate
FN:39,(anonymous_8)
FNF:9
FNH:9
FNDA:9,point
FNDA:10,vector
FNDA:8,equalTuples
FNDA:31,(anonymous_3)
FNDA:2,addTuples
FNDA:4,subTuples
FNDA:1,negateVector
FNDA:1,negate
FNDA:4,(anonymous_8)
DA:2,1
DA:6,1
DA:7,9
DA:10,1
DA:11,10
DA:14,1
DA:15,31
DA:18,1
DA:19,2
DA:21,2
DA:22,1
DA:25,1
DA:28,1
DA:29,4
DA:31,4
DA:34,1
DA:35,1
DA:38,1
DA:39,4
LF:19
LH:19
BRDA:21,0,0,1
BRDA:21,0,1,1
BRF:2
BRH:2
end_of_record
TN:
SF:src/utils.ts
FN:3,equal
FNF:1
FNH:1
FNDA:33,equal
DA:1,2
DA:3,2
DA:4,33
LF:3
LH:3
BRF:0
BRH:0
end_of_record
